build/app/outputs/mapping/release/mapping.txt
# compiler: R8
# compiler_version: 1.5.64
# min_api: 21
# pg_map_id: 0b899b0
...
androidx.collection.MapCollections$MapIterator -> a.b.c$d:
    int mIndex -> b
    boolean mEntryValid -> c
    androidx.collection.MapCollections this$0 -> d
    int mEnd -> a
androidx.collection.MapCollections$ValuesCollection -> a.b.c$e:
    androidx.collection.MapCollections this$0 -> a
androidx.collection.SimpleArrayMap -> a.b.d:
    java.lang.Object[] mBaseCache -> d
    java.lang.Object[] mArray -> b
    int mTwiceBaseCacheSize -> g
    int mBaseCacheSize -> e
    int[] mHashes -> a
    int mSize -> c
    java.lang.Object[] mTwiceBaseCache -> f
    int binarySearchHashes(int[],int,int) -> a
    void ensureCapacity(int) -> a
    void freeArrays(int[],java.lang.Object[],int) -> a
    int indexOf(java.lang.Object,int) -> a
    int indexOfKey(java.lang.Object) -> a
    int indexOfNull() -> a
    java.lang.Object setValueAt(int,java.lang.Object) -> a
    int indexOfValue(java.lang.Object) -> b
    java.lang.Object keyAt(int) -> b
    java.lang.Object removeAt(int) -> c
    java.lang.Object valueAt(int) -> d
    void allocArrays(int) -> e
androidx.core.app.ActivityCompat -> androidx.core.app.a:
    androidx.core.app.ActivityCompat$PermissionCompatDelegate sDelegate -> a
    void requestPermissions(android.app.Activity,java.lang.String[],int) -> a
androidx.core.app.ActivityCompat$1 -> androidx.core.app.a$a:
    java.lang.String[] val$permissions -> a
    int val$requestCode -> c
    android.app.Activity val$activity -> b
androidx.core.app.ActivityCompat$OnRequestPermissionsResultCallback -> androidx.core.app.a$b:
    void onRequestPermissionsResult(int,java.lang.String[],int[]) -> a
androidx.core.app.ActivityCompat$PermissionCompatDelegate -> androidx.core.app.a$c:
    boolean requestPermissions(android.app.Activity,java.lang.String[],int) -> a
androidx.core.app.ActivityCompat$RequestPermissionsRequestCodeValidator -> androidx.core.app.a$d:
    void validateRequestPermissionsRequestCode(int) -> a
androidx.core.app.ComponentActivity -> androidx.core.app.b:
androidx.core.app.CoreComponentFactory -> androidx.core.app.CoreComponentFactory:
    java.lang.Object checkCompatWrapper(java.lang.Object) -> a
androidx.core.app.CoreComponentFactory$CompatWrapped -> androidx.core.app.CoreComponentFactory$a:
    java.lang.Object getWrapper() -> a
androidx.core.app.RemoteActionCompat -> androidx.core.app.RemoteActionCompat:
    androidx.core.graphics.drawable.IconCompat mIcon -> a
    java.lang.CharSequence mTitle -> b
    java.lang.CharSequence mContentDescription -> c
    boolean mEnabled -> e
    boolean mShouldShowIcon -> f
    android.app.PendingIntent mActionIntent -> d
androidx.core.content.ContextCompat -> a.c.a.a:
    int checkSelfPermission(android.content.Context,java.lang.String) -> a
    java.io.File[] getExternalCacheDirs(android.content.Context) -> a
    java.io.File[] getExternalFilesDirs(android.content.Context,java.lang.String) -> b
androidx.core.content.FileProvider -> a.c.a.b:
    java.io.File DEVICE_ROOT -> c
    androidx.core.content.FileProvider$PathStrategy mStrategy -> a
    java.util.HashMap sCache -> d
    java.lang.String[] COLUMNS -> b
    java.io.File buildPath(java.io.File,java.lang.String[]) -> a
    java.lang.Object[] copyOf(java.lang.Object[],int) -> a
    java.lang.String[] copyOf(java.lang.String[],int) -> a
    androidx.core.content.FileProvider$PathStrategy getPathStrategy(android.content.Context,java.lang.String) -> a
    android.net.Uri getUriForFile(android.content.Context,java.lang.String,java.io.File) -> a
    int modeToMode(java.lang.String) -> a
    androidx.core.content.FileProvider$PathStrategy parsePathStrategy(android.content.Context,java.lang.String) -> b
androidx.core.content.FileProvider$PathStrategy -> a.c.a.b$a:
    java.io.File getFileForUri(android.net.Uri) -> a
    android.net.Uri getUriForFile(java.io.File) -> a